<?xml version="1.0" encoding="UTF-8"?>
<robot generator="Robot 7.2.2 (Python 3.13.3 on darwin)" generated="2025-05-16T14:23:20.126310" rpa="false" schemaversion="5">
<suite id="s1" name="Test Dropdown" source="/Users/sevvelkaranpalanivetrivel/Desktop/Expleo_Training /ROBOT_BASICS/Tests/test_dropdown.robot">
<test id="s1-t1" name="Select Options in Dropdown" line="5">
<kw name="Open the Browser With URL">
<kw name="Create Webdriver" owner="SeleniumLibrary">
<msg time="2025-05-16T14:23:20.677028" level="INFO">Creating an instance of the Firefox WebDriver.</msg>
<arg>Firefox</arg>
<doc>Creates an instance of Selenium WebDriver.</doc>
<status status="PASS" start="2025-05-16T14:23:20.676809" elapsed="5.191246"/>
</kw>
<kw name="Go To" owner="SeleniumLibrary">
<msg time="2025-05-16T14:23:25.869350" level="INFO">Opening url 'https://demo.automationtesting.in/Register.html'</msg>
<arg>https://demo.automationtesting.in/Register.html</arg>
<doc>Navigates the current browser window to the provided ``url``.</doc>
<status status="PASS" start="2025-05-16T14:23:25.868921" elapsed="5.963606"/>
</kw>
<kw name="Maximize Browser Window" owner="SeleniumLibrary">
<doc>Maximizes current browser window.</doc>
<status status="PASS" start="2025-05-16T14:23:31.833265" elapsed="0.478581"/>
</kw>
<kw name="Set Selenium Implicit Wait" owner="SeleniumLibrary">
<arg>6s</arg>
<doc>Sets the implicit wait value used by Selenium.</doc>
<status status="PASS" start="2025-05-16T14:23:32.312247" elapsed="0.005734"/>
</kw>
<status status="PASS" start="2025-05-16T14:23:20.675911" elapsed="11.642279"/>
</kw>
<kw name="Select the dropdown options APIs with Value">
<kw name="Select From List By Value" owner="SeleniumLibrary">
<msg time="2025-05-16T14:23:32.320091" level="INFO">Selecting options from selection list 'id:Skills' by value APIs.</msg>
<arg>id:Skills</arg>
<arg>APIs</arg>
<doc>Selects options from selection list ``locator`` by ``values``.</doc>
<status status="PASS" start="2025-05-16T14:23:32.319571" elapsed="0.380891"/>
</kw>
<status status="PASS" start="2025-05-16T14:23:32.319068" elapsed="0.381546"/>
</kw>
<kw name="Select the dropdown options with Index">
<kw name="Select From List By Index" owner="SeleniumLibrary">
<msg time="2025-05-16T14:23:32.701975" level="INFO">Selecting options from selection list 'id:Skills' by index 43.</msg>
<arg>id:Skills</arg>
<arg>43</arg>
<doc>Selects options from selection list ``locator`` by ``indexes``.</doc>
<status status="PASS" start="2025-05-16T14:23:32.701735" elapsed="0.601573"/>
</kw>
<status status="PASS" start="2025-05-16T14:23:32.701294" elapsed="0.602156"/>
</kw>
<kw name="Select the dropdown options with CSS by label">
<kw name="Select From List By Label" owner="SeleniumLibrary">
<msg time="2025-05-16T14:23:33.304461" level="INFO">Selecting options from selection list 'id:Skills' by label CSS.</msg>
<arg>id:Skills</arg>
<arg>CSS</arg>
<doc>Selects options from selection list ``locator`` by ``labels``.</doc>
<status status="PASS" start="2025-05-16T14:23:33.304236" elapsed="0.240243"/>
</kw>
<status status="PASS" start="2025-05-16T14:23:33.303862" elapsed="0.240767"/>
</kw>
<status status="PASS" start="2025-05-16T14:23:20.675032" elapsed="12.869869"/>
</test>
<status status="PASS" start="2025-05-16T14:23:20.129365" elapsed="13.416289"/>
</suite>
<statistics>
<total>
<stat pass="1" fail="0" skip="0">All Tests</stat>
</total>
<tag>
</tag>
<suite>
<stat name="Test Dropdown" id="s1" pass="1" fail="0" skip="0">Test Dropdown</stat>
</suite>
</statistics>
<errors>
</errors>
</robot>
